cycle-44 | nsa, ring_attention, infini_attention, galore, vera, nash_md | 93 tests | deferred=[]
cycle-45 | mamba2, sppo, powersgd, ditto, relora, arithmetic_coding | 90 tests | deferred=[]
cycle-46 | salmon, slora, retro, ood_detection, calm, jamba | 112 tests | deferred=[]
cycle-47 | tree_attention, membership_inference, rest, megabyte, sign_sgd, speculative_streaming | 92 tests | deferred=[]
cycle-48 | hawk, spacebyte, qlora, platt_scaling, flora, rest_retrieval_speculative | 97 tests | deferred=[]
cycle-49 | snapkv, h2o_kv, adam_mini, dapo, bco, mechanic | 91 tests | deferred=[]
CYCLE 50 — 2026-04-17T03:16:59Z
  commit: 6284471
  modules: PyramidKV, xLSTM, CautiousOptimizers, RSO, REBEL, Shampoo
  tests: 108 passed
CYCLE 51 — 2026-04-17T03:21:52Z
  commit: 9ead900
  modules: Performer, DeltaNet, NEFTune, TriForce, STaR, AttentionRollout
  tests: 94 passed
CYCLE 52 — 2026-04-17T03:26:36Z
  commit: 38480c2
  modules: FNet, Nystromformer, ContrastiveDecoding-Li, ToMe, WARM (GrokFast collision)
  tests: 72 passed
  pushed: yes
CYCLE 53 — 2026-04-17T06:39:28Z
  commit: c96073c
  modules: HGRN2, LightningAttention, SIFT, Zephyr, ProbingClassifiers (RLOO collision)
  tests: 77 passed
CYCLE 54 — 2026-04-17T11:26:31Z
  commit: c4fbaae
  modules: cosformer, SeqPacking, PRM, BudgetForcing, SAE, RankCorrelation
  tests: 89 passed
CYCLE 55 — 2026-04-17T11:32:17Z
  commit: f9aa1dc
  modules: RWKV6, SAMBA, ScheduleFreeAdamW, USC, PCGrad, CalibrationSuite
  tests: 113 passed
  pushed: yes (cycles 53-55)
cycle-56 | 2026-04-17 | vim, tuned_lens, medusa_heads, reward_uncertainty, activation_addition, token_recycling | 87 tests | f6cdd90
